 300 310 320 330 350 340 360 370 
 300 310 320 330 350 340 360 370 
 300 310 320 330 350 340 360 370 
 300 310 320 330 350 340 360 370 
 300 310 320 330 350 340 360 370 
 300 310 320 330 350 340 360 370 
 300 310 320 330 350 340 360 370 
 300 310 320 330 350 340 360 370 
 300 310 320 330 350 340 360 370 
 300 310 320 330 350 340 360 370 
 300 310 320 330 350 340 360 370 
 300 310 320 330 350 340 360 370 
 300 310 320 330 350 340 360 370 
 300 310 320 330 350 340 360 370 
 300 310 320 330 350 340 360 370 
 300 310 320 330 350 340 360 370 
 300 310 320 330 350 340 360 370 
 300 310 320 330 350 340 360 370 
 300 310 320 330 350 340 360 370 
 300 310 320 330 350 340 360 370 
 300 310 320 330 350 340 360 370 
 300 310 320 330 350 340 360 370 
 300 310 320 330 350 340 360 370 
 300 310 320 330 350 340 360 370 
 300 310 320 330 350 340 360 370 
